ruby /Users/philippeperret/Sites/MonFlux/ajax/scripts/load_task.rb "{\"type\":\"current\"}" 2>&1
2021 10 22 - 09:24:39 --- = fichier historique 2021-09 n'existe pas
2021 10 22 - 09:24:39 --- => Construction historique 2021-09
ruby /Users/philippeperret/Sites/MonFlux/ajax/scripts/load_task.rb "{\"type\":\"current\"}" 2>&1
2021 10 22 - 09:25:52 --- = fichier historique 2021-09 n'existe pas
2021 10 22 - 09:25:52 --- => Construction historique 2021-09
2021 10 22 - 09:25:52 ---   * Fabrication du fichier Markdown de l'historique
ruby /Users/philippeperret/Sites/MonFlux/ajax/scripts/load_task.rb "{\"type\":\"current\"}" 2>&1
2021 10 22 - 09:26:34 --- = fichier historique 2021-09 n'existe pas
2021 10 22 - 09:26:34 --- => Construction historique 2021-09
2021 10 22 - 09:26:34 ---   * Fabrication du fichier Markdown de l'historique
ruby /Users/philippeperret/Sites/MonFlux/ajax/scripts/load_task.rb "{\"type\":\"current\"}" 2>&1
2021 10 22 - 09:27:02 --- = fichier historique 2021-09 n'existe pas
2021 10 22 - 09:27:02 --- => Construction historique 2021-09
2021 10 22 - 09:27:02 ---   * Fabrication du fichier Markdown de l'historique
ruby /Users/philippeperret/Sites/MonFlux/ajax/scripts/load_task.rb "{\"type\":\"current\"}" 2>&1
2021 10 22 - 09:27:46 --- = fichier historique 2021-09 n'existe pas
2021 10 22 - 09:27:46 --- => Construction historique 2021-09
2021 10 22 - 09:27:46 ---   * Fabrication du fichier Markdown de l'historique
2021 10 22 - 09:27:50 --- -> MdToPdf.convert avec /Users/philippeperret/Sites/MonFlux/data/historiques_travail/2021-09.md
ruby /Users/philippeperret/Sites/MonFlux/ajax/scripts/load_task.rb "{\"type\":\"current\"}" 2>&1
2021 10 22 - 09:28:25 --- = fichier historique 2021-09 n'existe pas
2021 10 22 - 09:28:25 --- => Construction historique 2021-09
2021 10 22 - 09:28:25 ---   * Fabrication du fichier Markdown de l'historique
2021 10 22 - 09:28:25 --- -> MdToPdf.convert avec /Users/philippeperret/Sites/MonFlux/data/historiques_travail/2021-09.md
ruby /Users/philippeperret/Sites/MonFlux/ajax/scripts/load_task.rb "{\"type\":\"current\"}" 2>&1
2021 10 22 - 09:30:16 --- = fichier historique 2021-09 n'existe pas
2021 10 22 - 09:30:16 --- => Construction historique 2021-09
2021 10 22 - 09:30:16 ---   * Fabrication du fichier Markdown de l'historique
2021 10 22 - 09:30:16 --- -> MdToPdf.convert avec /Users/philippeperret/Sites/MonFlux/data/historiques_travail/2021-09.md
ruby /Users/philippeperret/Sites/MonFlux/ajax/scripts/load_task.rb "{\"type\":\"current\"}" 2>&1
2021 10 22 - 09:39:00 --- = fichier historique 2021-09 n'existe pas
2021 10 22 - 09:39:00 --- => Construction historique 2021-09
2021 10 22 - 09:39:00 ---   * Fabrication du fichier Markdown de l'historique
2021 10 22 - 09:39:00 --- -> MdToPdf.convert avec /Users/philippeperret/Sites/MonFlux/data/historiques_travail/2021-09.md
ruby /Users/philippeperret/Sites/MonFlux/ajax/scripts/load_task.rb "{\"type\":\"current\"}" 2>&1
2021 10 22 - 09:40:10 --- = fichier historique 2021-09 n'existe pas
2021 10 22 - 09:40:10 --- => Construction historique 2021-09
2021 10 22 - 09:40:10 ---   * Fabrication du fichier Markdown de l'historique
ruby /Users/philippeperret/Sites/MonFlux/ajax/scripts/load_task.rb "{\"type\":\"current\"}" 2>&1
2021 10 22 - 09:40:34 --- = fichier historique 2021-09 n'existe pas
2021 10 22 - 09:40:34 --- => Construction historique 2021-09
2021 10 22 - 09:40:34 ---   * Fabrication du fichier Markdown de l'historique
2021 10 22 - 09:40:34 --- -> MdToPdf.convert avec /Users/philippeperret/Sites/MonFlux/data/historiques_travail/2021-09.md
ruby /Users/philippeperret/Sites/MonFlux/ajax/scripts/load_task.rb "{\"type\":\"current\"}" 2>&1
2021 10 22 - 09:41:12 --- = fichier historique 2021-09 n'existe pas
2021 10 22 - 09:41:12 --- => Construction historique 2021-09
2021 10 22 - 09:41:12 ---   * Fabrication du fichier Markdown de l'historique
2021 10 22 - 09:41:13 --- -> MdToPdf.convert avec /Users/philippeperret/Sites/MonFlux/data/historiques_travail/2021-09.md
ruby /Users/philippeperret/Sites/MonFlux/ajax/scripts/load_task.rb "{\"type\":\"current\"}" 2>&1
2021 10 22 - 09:41:54 --- = fichier historique 2021-09 n'existe pas
2021 10 22 - 09:41:54 --- => Construction historique 2021-09
2021 10 22 - 09:41:54 ---   * Fabrication du fichier Markdown de l'historique
2021 10 22 - 09:41:54 --- -> MdToPdf.convert avec /Users/philippeperret/Sites/MonFlux/data/historiques_travail/2021-09.md
ruby /Users/philippeperret/Sites/MonFlux/ajax/scripts/load_task.rb "{\"type\":\"current\"}" 2>&1
2021 10 22 - 09:43:52 --- = fichier historique 2021-09 n'existe pas
2021 10 22 - 09:43:52 --- => Construction historique 2021-09
2021 10 22 - 09:43:52 ---   * Fabrication du fichier Markdown de l'historique
2021 10 22 - 09:43:52 --- -> MdToPdf.convert avec /Users/philippeperret/Sites/MonFlux/data/historiques_travail/2021-09.md
ruby /Users/philippeperret/Sites/MonFlux/ajax/scripts/load_task.rb "{\"type\":\"current\"}" 2>&1
2021 10 22 - 09:48:43 --- = fichier historique 2021-09 n'existe pas
2021 10 22 - 09:48:43 --- => Construction historique 2021-09
2021 10 22 - 09:48:43 ---   * Fabrication du fichier Markdown de l'historique
2021 10 22 - 09:48:43 --- -> MdToPdf.convert avec /Users/philippeperret/Sites/MonFlux/data/historiques_travail/2021-09.md
ruby /Users/philippeperret/Sites/MonFlux/ajax/scripts/load_task.rb "{\"type\":\"current\"}" 2>&1
2021 10 22 - 09:54:47 --- = fichier historique 2021-09 n'existe pas
2021 10 22 - 09:54:47 --- => Construction historique 2021-09
2021 10 22 - 09:54:47 ---   * Fabrication du fichier Markdown de l'historique
2021 10 22 - 09:54:48 --- -> MdToPdf.convert avec /Users/philippeperret/Sites/MonFlux/data/historiques_travail/2021-09.md
ruby /Users/philippeperret/Sites/MonFlux/ajax/scripts/load_task.rb "{\"type\":\"current\"}" 2>&1
2021 10 22 - 09:57:26 --- = fichier historique 2021-09 n'existe pas
2021 10 22 - 09:57:26 --- => Construction historique 2021-09
2021 10 22 - 09:57:26 ---   * Fabrication du fichier Markdown de l'historique
2021 10 22 - 09:57:26 --- -> MdToPdf.convert avec /Users/philippeperret/Sites/MonFlux/data/historiques_travail/2021-09.md
2021 10 22 - 09:58:01 --- = historique 2021-09 construit avec succès
ruby /Users/philippeperret/Sites/MonFlux/ajax/scripts/load_task.rb "{\"type\":\"current\"}" 2>&1
2021 10 22 - 10:00:22 --- = fichier historique 2021-09 n'existe pas
2021 10 22 - 10:00:22 --- => Construction historique 2021-09
2021 10 22 - 10:00:22 ---   * Fabrication du fichier Markdown de l'historique
2021 10 22 - 10:00:22 --- -> MdToPdf.convert avec /Users/philippeperret/Sites/MonFlux/data/historiques_travail/2021-09.md
ruby /Users/philippeperret/Sites/MonFlux/ajax/scripts/load_task.rb "{\"type\":\"current\"}" 2>&1
2021 10 22 - 10:02:14 --- = fichier historique 2021-09 n'existe pas
2021 10 22 - 10:02:14 --- => Construction historique 2021-09
2021 10 22 - 10:02:14 ---   * Fabrication du fichier Markdown de l'historique
2021 10 22 - 10:02:14 --- -> MdToPdf.convert avec /Users/philippeperret/Sites/MonFlux/data/historiques_travail/2021-09.md
2021 10 22 - 10:02:21 --- = historique 2021-09 construit avec succès
ruby /Users/philippeperret/Sites/MonFlux/ajax/scripts/load_task.rb "{\"type\":\"current\"}" 2>&1
2021 10 22 - 10:04:03 --- = fichier historique 2021-09 n'existe pas
2021 10 22 - 10:04:03 --- => Construction historique 2021-09
2021 10 22 - 10:04:03 ---   * Fabrication du fichier Markdown de l'historique
2021 10 22 - 10:04:03 --- Destruction OK de la tâche #0023
2021 10 22 - 10:04:03 --- Destruction OK de la tâche #0024
2021 10 22 - 10:04:03 --- Destruction OK de la tâche #0021
2021 10 22 - 10:04:03 --- Destruction OK de la tâche #0006
2021 10 22 - 10:04:03 --- Destruction OK de la tâche #0005
2021 10 22 - 10:04:03 --- Destruction OK de la tâche #0022
2021 10 22 - 10:04:03 --- -> MdToPdf.convert avec /Users/philippeperret/Sites/MonFlux/data/historiques_travail/2021-09.md
2021 10 22 - 10:04:11 --- = historique 2021-09 construit avec succès
ruby /Users/philippeperret/Sites/MonFlux/ajax/scripts/load_task.rb "{\"type\":\"current\"}" 2>&1
2021 10 22 - 10:05:33 --- = fichier historique mois précédent existe
ruby /Users/philippeperret/Sites/MonFlux/ajax/scripts/load_task.rb "{\"type\":\"current\"}" 2>&1
2021 10 22 - 10:05:39 --- = fichier historique mois précédent existe
ruby /Users/philippeperret/Sites/MonFlux/ajax/scripts/load_task.rb "{\"type\":\"current\"}" 2>&1
2021 10 22 - 10:05:45 --- = fichier historique mois précédent existe
ruby /Users/philippeperret/Sites/MonFlux/ajax/scripts/load_task.rb "{\"type\":\"current\"}" 2>&1
2021 10 22 - 10:05:51 --- = fichier historique mois précédent existe
ruby /Users/philippeperret/Sites/MonFlux/ajax/scripts/load_task.rb "{\"type\":\"current\"}" 2>&1
2021 10 22 - 10:05:56 --- = fichier historique mois précédent existe
ruby /Users/philippeperret/Sites/MonFlux/ajax/scripts/load_task.rb "{\"type\":\"current\"}" 2>&1
2021 10 22 - 10:06:03 --- = fichier historique mois précédent existe
ruby /Users/philippeperret/Sites/MonFlux/ajax/scripts/save_task.rb "{\"data\":{\"id\":\"0017\",\"state\":0,\"container\":0,\"date\":\"\",\"content\":\"Préparer un dossier pour soutien à déposer à [Mécénat musical](https://www.mecenatmusical.societegenerale.com/deposer-un-projet/formulaire-10).\",\"group\":\"ICED\",\"tasks\":[],\"files\":[]}}" 2>&1
2021 10 22 - 10:07:46 --- Nouvelles données bien enregistrées : {"id"=>"0017", "state"=>0, "container"=>0, "date"=>"21/10/21", "content"=>"Pr\u00E9parer un dossier pour soutien \u00E0 d\u00E9poser \u00E0 <a href=https://www.mecenatmusical.societegenerale.com/deposer-un-projet/formulaire-10>M\u00E9c\u00E9nat musical</a>", "group"=>"ICED", "tasks"=>[], "files"=>[]}
ruby /Users/philippeperret/Sites/MonFlux/ajax/scripts/open_link.rb "{\"link\":\"https://www.mecenatmusical.societegenerale.com/deposer-un-projet/formulaire-10\"}" 2>&1
ruby /Users/philippeperret/Sites/MonFlux/ajax/scripts/open_link.rb "{\"link\":\"https://www.mecenatmusical.societegenerale.com/deposer-un-projet/formulaire-10\"}" 2>&1
ruby /Users/philippeperret/Sites/MonFlux/ajax/scripts/save_task.rb "{\"data\":{\"id\":\"0002\",\"date\":\"21/10/22\",\"group\":\"ICARE\",\"content\":\"Pour ouvrir le [dossier des icariens](/Users/philippeperret/Sites/Atelier_Icare/Commentaires/_Icariens-ON) ou le [fichier de commentaires](/Users/philippeperret/Sites/Atelier_Icare/Commentaires/_Commentaires.scriv) ou le [code](ide:/Users/philippeperret/Sites/Atelier_Icare/Icare_2020) du dossier.\",\"container\":2,\"state\":1,\"tasks\":[],\"files\":[]}}" 2>&1
2021 10 22 - 10:16:50 --- Nouvelles données bien enregistrées : {"id"=>"0002", "date"=>"21/10/21", "group"=>"ICARE", "content"=>"Pour ouvrir le [dossier des icariens](/Users/philippeperret/Sites/Atelier_Icare/Commentaires/_Icariens-ON) ou le [fichier de commentaires](/Users/philippeperret/Sites/Atelier_Icare/Commentaires/_Commentaires.scriv)", "container"=>2, "state"=>1, "tasks"=>[], "files"=>[]}
ruby /Users/philippeperret/Sites/MonFlux/ajax/scripts/open_link.rb "{\"link\":\"ide:/Users/philippeperret/Sites/Atelier_Icare/Icare_2020\"}" 2>&1
ruby /Users/philippeperret/Sites/MonFlux/ajax/scripts/open_link.rb "{\"link\":\"ide:/Users/philippeperret/Sites/Atelier_Icare/Icare_2020\"}" 2>&1
ruby /Users/philippeperret/Sites/MonFlux/ajax/scripts/open_link.rb "{\"link\":\"ide:/Users/philippeperret/Sites/Atelier_Icare/Icare_2020\"}" 2>&1
ruby /Users/philippeperret/Sites/MonFlux/ajax/scripts/open_link.rb "{\"link\":\"ide:/Users/philippeperret/Sites/Atelier_Icare/Icare_2020\"}" 2>&1
ruby /Users/philippeperret/Sites/MonFlux/ajax/scripts/load_task.rb "{\"type\":\"current\"}" 2>&1
2021 10 22 - 10:25:53 --- = fichier historique mois précédent existe
ruby /Users/philippeperret/Sites/MonFlux/ajax/scripts/load_task.rb "{\"type\":\"current\"}" 2>&1
2021 10 22 - 10:25:59 --- = fichier historique mois précédent existe
ruby /Users/philippeperret/Sites/MonFlux/ajax/scripts/save_task.rb "{\"data\":{\"id\":\"0002\",\"date\":\"21/10/22\",\"group\":\"ICARE\",\"content\":\"Pour ouvrir le [dossier des icariens](/Users/philippeperret/Sites/Atelier_Icare/Commentaires/_Icariens-ON) ou le [fichier de commentaires](/Users/philippeperret/Sites/Atelier_Icare/Commentaires/_Commentaires.scriv)\",\"container\":2,\"state\":1,\"tasks\":[],\"files\":[]}}" 2>&1
2021 10 22 - 10:26:09 --- Nouvelles données bien enregistrées : {"id"=>"0002", "date"=>"21/10/21", "group"=>"ICARE", "content"=>"Pour ouvrir le [dossier des icariens](/Users/philippeperret/Sites/Atelier_Icare/Commentaires/_Icariens-ON) ou le [fichier de commentaires](/Users/philippeperret/Sites/Atelier_Icare/Commentaires/_Commentaires.scriv)", "container"=>2, "state"=>1, "tasks"=>[], "files"=>[]}
ruby /Users/philippeperret/Sites/MonFlux/ajax/scripts/load_task.rb "{\"type\":\"current\"}" 2>&1
2021 10 22 - 10:27:22 --- = fichier historique mois précédent existe
ruby /Users/philippeperret/Sites/MonFlux/ajax/scripts/save_task.rb "{\"data\":{\"id\":\"0002\",\"date\":\"21/10/22\",\"group\":\"ICARE\",\"content\":\"Pour ouvrir le [dossier des icariens](/Users/philippeperret/Sites/Atelier_Icare/Commentaires/_Icariens-ON) ou le [fichier de commentaires](/Users/philippeperret/Sites/Atelier_Icare/Commentaires/_Commentaires.scriv)\",\"container\":2,\"state\":1,\"tasks\":[],\"files\":[]}}" 2>&1
2021 10 22 - 10:32:57 --- Nouvelles données bien enregistrées : {"id"=>"0002", "date"=>"21/10/21", "group"=>"ICARE", "content"=>"Pour ouvrir le [dossier des icariens](/Users/philippeperret/Sites/Atelier_Icare/Commentaires/_Icariens-ON) ou le [fichier de commentaires](/Users/philippeperret/Sites/Atelier_Icare/Commentaires/_Commentaires.scriv)", "container"=>2, "state"=>1, "tasks"=>[], "files"=>[]}
ruby /Users/philippeperret/Sites/MonFlux/ajax/scripts/save_task.rb "{\"data\":{\"id\":\"0015\",\"state\":2,\"container\":2,\"date\":\"\",\"content\":\"Travail sur MonFlux\",\"group\":\"MonFlux\",\"tasks\":[],\"files\":[]}}" 2>&1
2021 10 22 - 10:33:02 --- Nouvelles données bien enregistrées : {"id"=>"0015", "state"=>2, "container"=>2, "date"=>"21/10/21", "content"=>"Travail sur MonFlux", "group"=>"MonFlux", "tasks"=>[], "files"=>[]}
ruby /Users/philippeperret/Sites/MonFlux/ajax/scripts/load_task.rb "{\"type\":\"current\"}" 2>&1
2021 10 22 - 10:36:47 --- = fichier historique mois précédent existe
ruby /Users/philippeperret/Sites/MonFlux/ajax/scripts/load_task.rb "{\"type\":\"current\"}" 2>&1
2021 10 22 - 10:36:55 --- = fichier historique mois précédent existe
ruby /Users/philippeperret/Sites/MonFlux/ajax/scripts/load_task.rb "{\"type\":\"current\"}" 2>&1
2021 10 22 - 10:39:02 --- = fichier historique mois précédent existe
ruby /Users/philippeperret/Sites/MonFlux/ajax/scripts/load_task.rb "{\"type\":\"current\"}" 2>&1
2021 10 22 - 10:39:26 --- = fichier historique mois précédent existe
ruby /Users/philippeperret/Sites/MonFlux/ajax/scripts/load_task.rb "{\"type\":\"current\"}" 2>&1
2021 10 22 - 10:40:11 --- = fichier historique mois précédent existe
ruby /Users/philippeperret/Sites/MonFlux/ajax/scripts/open_link.rb "{\"link\":\"/Users/philippeperret/Sites/Atelier_Icare/Commentaires/_Commentaires.scriv\"}" 2>&1
ruby /Users/philippeperret/Sites/MonFlux/ajax/scripts/load_task.rb "{\"type\":\"current\"}" 2>&1
2021 10 23 - 08:01:17 --- = fichier historique mois précédent existe
ruby /Users/philippeperret/Sites/MonFlux/ajax/scripts/save_task.rb "{\"data\":{\"id\":\"0014\",\"state\":0,\"container\":1,\"date\":\"\",\"content\":\"Poursuivre la base de l’application (MonFlux)\",\"group\":\"MonFlux\",\"tasks\":[],\"files\":[]}}" 2>&1
2021 10 23 - 09:31:30 --- Nouvelles données bien enregistrées : {"id"=>"0014", "state"=>0, "container"=>1, "date"=>"21/10/21", "content"=>"Poursuivre la base de cette application (MonFlux)", "group"=>"MonFlux", "tasks"=>[], "files"=>[]}
ruby /Users/philippeperret/Sites/MonFlux/ajax/scripts/destroy_task.rb "{\"task_id\":\"0008\"}" 2>&1
2021 10 23 - 09:31:38 --- Destruction OK de la tâche #0008
ruby /Users/philippeperret/Sites/MonFlux/ajax/scripts/save_task.rb "{\"data\":{\"id\":\"0021\",\"state\":1,\"container\":2,\"date\":\"21/10/23\",\"content\":\"Finaliser le livre sur les gammes et les accords.\",\"group\":\"ICED\",\"tasks\":[],\"files\":[]}}" 2>&1
ruby /Users/philippeperret/Sites/MonFlux/ajax/scripts/load_task.rb "{\"type\":\"current\"}" 2>&1
2021 10 23 - 09:39:14 --- = fichier historique mois précédent existe
ruby /Users/philippeperret/Sites/MonFlux/ajax/scripts/load_task.rb "{\"type\":\"current\"}" 2>&1
2021 10 23 - 09:39:22 --- = fichier historique mois précédent existe
ruby /Users/philippeperret/Sites/MonFlux/ajax/scripts/load_task.rb "{\"type\":\"current\"}" 2>&1
2021 10 23 - 09:52:21 --- = fichier historique mois précédent existe
ruby /Users/philippeperret/Sites/MonFlux/ajax/scripts/load_task.rb "{\"type\":\"current\"}" 2>&1
2021 10 23 - 09:52:23 --- = fichier historique mois précédent existe
ruby /Users/philippeperret/Sites/MonFlux/ajax/scripts/load_task.rb "{\"type\":\"current\"}" 2>&1
2021 10 23 - 09:52:24 --- = fichier historique mois précédent existe
ruby /Users/philippeperret/Sites/MonFlux/ajax/scripts/save_task.rb "{\"data\":{\"id\":\"0021\",\"state\":0,\"container\":1,\"date\":\"21/10/23\",\"content\":\"Une tâche à insérer dans une autre.\",\"group\":\"divers\",\"tasks\":[],\"files\":[]}}" 2>&1
ruby /Users/philippeperret/Sites/MonFlux/ajax/scripts/save_task.rb "{\"data\":{\"id\":\"0022\",\"state\":0,\"container\":1,\"date\":\"21/10/23\",\"content\":\"La tâche parent de la tâche à insérer.\",\"group\":\"MonFlux\",\"tasks\":[],\"files\":[]}}" 2>&1
ruby /Users/philippeperret/Sites/MonFlux/ajax/scripts/load_task.rb "{\"type\":\"current\"}" 2>&1
2021 10 23 - 10:18:10 --- = fichier historique mois précédent existe
ruby /Users/philippeperret/Sites/MonFlux/ajax/scripts/save_task.rb "{\"data\":{\"id\":\"0021\",\"state\":0,\"container\":1,\"date\":\"21/10/23\",\"content\":\"Nouvelle tâche\",\"group\":\"divers\",\"tasks\":[],\"files\":[]}}" 2>&1
ruby /Users/philippeperret/Sites/MonFlux/ajax/scripts/load_task.rb "{\"type\":\"current\"}" 2>&1
2021 10 23 - 10:19:10 --- = fichier historique mois précédent existe
ruby /Users/philippeperret/Sites/MonFlux/ajax/scripts/save_task.rb "{\"data\":{\"id\":\"0021\",\"state\":0,\"container\":1,\"date\":\"21/10/23\",\"content\":\"Nouvelle tâche à insérer dans une autre\",\"group\":\"divers\",\"tasks\":[],\"files\":[]}}" 2>&1
2021 10 23 - 10:19:26 --- Impossible d'enregistrer les données : undefined method `[]' for nil:NilClass
ruby /Users/philippeperret/Sites/MonFlux/ajax/scripts/load_task.rb "{\"type\":\"current\"}" 2>&1
2021 10 23 - 10:24:55 --- = fichier historique mois précédent existe
ruby /Users/philippeperret/Sites/MonFlux/ajax/scripts/save_task.rb "{\"data\":{\"id\":\"0021\",\"state\":0,\"container\":1,\"date\":\"21/10/23\",\"content\":\"Nouvelle tâche à insérer\",\"group\":\"divers\",\"tasks\":[],\"files\":[],\"new\":true}}" 2>&1
2021 10 23 - 10:25:17 --- Impossible d'enregistrer les données : undefined method `[]' for nil:NilClass
ruby /Users/philippeperret/Sites/MonFlux/ajax/scripts/load_task.rb "{\"type\":\"current\"}" 2>&1
2021 10 23 - 10:26:51 --- = fichier historique mois précédent existe
ruby /Users/philippeperret/Sites/MonFlux/ajax/scripts/save_task.rb "{\"data\":{\"id\":\"0021\",\"state\":0,\"container\":1,\"date\":\"21/10/23\",\"content\":\"Nouvelle tâche à insérer\",\"group\":\"divers\",\"tasks\":[],\"files\":[],\"new\":true}}" 2>&1
2021 10 23 - 10:27:01 --- Nouvelles données bien enregistrées : {"id"=>"0021", "state"=>0, "container"=>1, "date"=>"21/10/23", "content"=>"Nouvelle t\u00E2che \u00E0 ins\u00E9rer", "group"=>"divers", "tasks"=>[], "files"=>[], "new"=>true}
ruby /Users/philippeperret/Sites/MonFlux/ajax/scripts/load_task.rb "{\"type\":\"current\"}" 2>&1
2021 10 23 - 10:27:03 --- = fichier historique mois précédent existe
ruby /Users/philippeperret/Sites/MonFlux/ajax/scripts/load_task.rb "{\"type\":\"current\"}" 2>&1
2021 10 23 - 10:27:04 --- = fichier historique mois précédent existe
ruby /Users/philippeperret/Sites/MonFlux/ajax/scripts/save_task.rb "{\"data\":{\"id\":\"0022\",\"state\":0,\"container\":1,\"date\":\"21/10/23\",\"content\":\"Nouvelle tâche pour recevoir la tâche\",\"group\":\"MonFlux\",\"tasks\":[],\"files\":[],\"new\":true}}" 2>&1
2021 10 23 - 10:27:19 --- Nouvelles données bien enregistrées : {"id"=>"0022", "state"=>0, "container"=>1, "date"=>"21/10/23", "content"=>"Nouvelle t\u00E2che pour recevoir la t\u00E2che", "group"=>"MonFlux", "tasks"=>[], "files"=>[], "new"=>true}
ruby /Users/philippeperret/Sites/MonFlux/ajax/scripts/load_task.rb "{\"type\":\"current\"}" 2>&1
2021 10 23 - 10:54:26 --- = fichier historique mois précédent existe
ruby /Users/philippeperret/Sites/MonFlux/ajax/scripts/load_task.rb "{\"type\":\"current\"}" 2>&1
2021 10 23 - 10:55:06 --- = fichier historique mois précédent existe
ruby /Users/philippeperret/Sites/MonFlux/ajax/scripts/load_task.rb "{\"type\":\"current\"}" 2>&1
2021 10 23 - 10:57:14 --- = fichier historique mois précédent existe
ruby /Users/philippeperret/Sites/MonFlux/ajax/scripts/load_task.rb "{\"type\":\"current\"}" 2>&1
2021 10 23 - 10:59:51 --- = fichier historique mois précédent existe
ruby /Users/philippeperret/Sites/MonFlux/ajax/scripts/load_task.rb "{\"type\":\"current\"}" 2>&1
2021 10 23 - 11:02:18 --- = fichier historique mois précédent existe
ruby /Users/philippeperret/Sites/MonFlux/ajax/scripts/load_task.rb "{\"type\":\"current\"}" 2>&1
2021 10 23 - 11:09:25 --- = fichier historique mois précédent existe
ruby /Users/philippeperret/Sites/MonFlux/ajax/scripts/load_task.rb "{\"type\":\"current\"}" 2>&1
2021 10 23 - 11:10:53 --- = fichier historique mois précédent existe
ruby /Users/philippeperret/Sites/MonFlux/ajax/scripts/save_task.rb "{\"data\":{\"id\":\"0021\",\"state\":0,\"container\":\"0022\",\"date\":\"21/10/23\",\"content\":\"Nouvelle tâche à insérer\",\"group\":\"divers\",\"tasks\":[],\"files\":[],\"new\":true}}" 2>&1
2021 10 23 - 11:11:03 --- Nouvelles données bien enregistrées : {"id"=>"0021", "state"=>0, "container"=>"0022", "date"=>"21/10/23", "content"=>"Nouvelle t\u00E2che \u00E0 ins\u00E9rer", "group"=>"divers", "tasks"=>[], "files"=>[], "new"=>true}
ruby /Users/philippeperret/Sites/MonFlux/ajax/scripts/load_task.rb "{\"type\":\"current\"}" 2>&1
2021 10 23 - 11:13:17 --- = fichier historique mois précédent existe
ruby /Users/philippeperret/Sites/MonFlux/ajax/scripts/load_task.rb "{\"type\":\"current\"}" 2>&1
2021 10 23 - 11:21:10 --- = fichier historique mois précédent existe
ruby /Users/philippeperret/Sites/MonFlux/ajax/scripts/load_task.rb "{\"type\":\"current\"}" 2>&1
2021 10 23 - 11:25:13 --- = fichier historique mois précédent existe
ruby /Users/philippeperret/Sites/MonFlux/ajax/scripts/load_task.rb "{\"type\":\"current\"}" 2>&1
2021 10 23 - 11:25:14 --- = fichier historique mois précédent existe
ruby /Users/philippeperret/Sites/MonFlux/ajax/scripts/load_task.rb "{\"type\":\"current\"}" 2>&1
2021 10 23 - 11:26:24 --- = fichier historique mois précédent existe
ruby /Users/philippeperret/Sites/MonFlux/ajax/scripts/load_task.rb "{\"type\":\"current\"}" 2>&1
2021 10 23 - 11:28:28 --- = fichier historique mois précédent existe
ruby /Users/philippeperret/Sites/MonFlux/ajax/scripts/save_task.rb "{\"data\":{\"id\":\"0021\",\"state\":2,\"container\":\"0022\",\"date\":\"21/10/23\",\"content\":\"Nouvelle tâche à insérer\",\"group\":\"divers\",\"tasks\":[],\"files\":[],\"new\":true}}" 2>&1
2021 10 23 - 11:28:57 --- Nouvelles données bien enregistrées : {"id"=>"0021", "state"=>2, "container"=>2, "date"=>"21/10/23", "content"=>"Nouvelle t\u00E2che \u00E0 ins\u00E9rer", "group"=>"divers", "tasks"=>[], "files"=>[], "new"=>true}
